wear/build/intermediates/manifest_merge_blame_file/debug/processDebugMainManifest/manifest-merger-blame-debug-report.txt
1<?xml version="1.0" encoding="utf-8"?>
2<manifest xmlns:android="http://schemas.android.com/apk/res/android"
3    package="com.example.alakey.wear"
4    android:versionCode="1"
5    android:versionName="2.4.0" >
6
7    <uses-sdk
8        android:minSdkVersion="30"
9        android:targetSdkVersion="36" />
10
11    <uses-feature
11-->src/main/AndroidManifest.xml:4:5-6:35
12        android:name="android.hardware.type.watch"
12-->src/main/AndroidManifest.xml:5:9-51
13        android:required="true" />
13-->src/main/AndroidManifest.xml:6:9-32
14
15    <queries>
15-->[androidx.wear.tiles:tiles:1.4.0] AndroidManifest.xml:7:5-11:15
16        <intent>
16-->[androidx.wear.tiles:tiles:1.4.0] AndroidManifest.xml:8:9-10:18
17            <action android:name="androidx.wear.tiles.action.BIND_UPDATE_REQUESTER" />
17-->[androidx.wear.tiles:tiles:1.4.0] AndroidManifest.xml:9:13-87
17-->[androidx.wear.tiles:tiles:1.4.0] AndroidManifest.xml:9:21-84
18        </intent>
19    </queries>
20
21    <application
21-->src/main/AndroidManifest.xml:8:5-39:19
22        android:appComponentFactory="androidx.core.app.CoreComponentFactory"
22-->[androidx.core:core:1.2.0] AndroidManifest.xml:24:18-86
23        android:debuggable="true"
24        android:extractNativeLibs="false"
25        android:label="Alakey"
25-->src/main/AndroidManifest.xml:9:9-31
26        android:supportsRtl="true"
26-->src/main/AndroidManifest.xml:11:9-35
27        android:theme="@android:style/Theme.DeviceDefault" >
27-->src/main/AndroidManifest.xml:10:9-59
28        <service
28-->src/main/AndroidManifest.xml:13:9-25:19
29            android:name="com.example.alakey.wear.NowPlayingTileService"
29-->src/main/AndroidManifest.xml:14:13-50
30            android:description="@string/tile_description"
30-->src/main/AndroidManifest.xml:16:13-59
31            android:exported="true"
31-->src/main/AndroidManifest.xml:18:13-36
32            android:label="Alakey"
32-->src/main/AndroidManifest.xml:15:13-35
33            android:permission="com.google.android.wearable.permission.BIND_TILE_PROVIDER" >
33-->src/main/AndroidManifest.xml:17:13-91
34            <intent-filter>
34-->src/main/AndroidManifest.xml:19:13-21:29
35                <action android:name="androidx.wear.tiles.action.BIND_TILE_PROVIDER" />
35-->src/main/AndroidManifest.xml:20:17-88
35-->src/main/AndroidManifest.xml:20:25-85
36            </intent-filter>
37
38            <meta-data
38-->src/main/AndroidManifest.xml:22:13-24:61
39                android:name="androidx.wear.tiles.PREVIEW"
39-->src/main/AndroidManifest.xml:23:17-59
40                android:resource="@drawable/tile_preview" />
40-->src/main/AndroidManifest.xml:24:17-58
41        </service>
42        <service
42-->src/main/AndroidManifest.xml:27:9-33:19
43            android:name="com.example.alakey.wear.NowPlayingDataListenerService"
43-->src/main/AndroidManifest.xml:28:13-58
44            android:exported="true" >
44-->src/main/AndroidManifest.xml:29:13-36
45            <intent-filter>
45-->src/main/AndroidManifest.xml:30:13-32:29
46                <action android:name="com.google.android.gms.wearable.BIND_LISTENER" />
46-->src/main/AndroidManifest.xml:31:17-88
46-->src/main/AndroidManifest.xml:31:25-85
47            </intent-filter>
48        </service>
49
50        <activity
50-->src/main/AndroidManifest.xml:35:9-38:62
51            android:name="com.example.alakey.wear.ToggleActivity"
51-->src/main/AndroidManifest.xml:36:13-43
52            android:exported="false"
52-->src/main/AndroidManifest.xml:37:13-37
53            android:theme="@android:style/Theme.NoDisplay" />
53-->src/main/AndroidManifest.xml:38:13-59
54
55        <uses-library
55-->[androidx.wear.tiles:tiles:1.4.0] AndroidManifest.xml:14:9-16:40
56            android:name="wear-sdk"
56-->[androidx.wear.tiles:tiles:1.4.0] AndroidManifest.xml:15:13-36
57            android:required="false" />
57-->[androidx.wear.tiles:tiles:1.4.0] AndroidManifest.xml:16:13-37
58
59        <activity
59-->[com.google.android.gms:play-services-base:18.5.0] AndroidManifest.xml:5:9-173
60            android:name="com.google.android.gms.common.api.GoogleApiActivity"
60-->[com.google.android.gms:play-services-base:18.5.0] AndroidManifest.xml:5:19-85
61            android:exported="false"
61-->[com.google.android.gms:play-services-base:18.5.0] AndroidManifest.xml:5:146-170
62            android:theme="@android:style/Theme.Translucent.NoTitleBar" />
62-->[com.google.android.gms:play-services-base:18.5.0] AndroidManifest.xml:5:86-145
63
64        <meta-data
64-->[com.google.android.gms:play-services-basement:18.4.0] AndroidManifest.xml:6:9-122
65            android:name="com.google.android.gms.version"
65-->[com.google.android.gms:play-services-basement:18.4.0] AndroidManifest.xml:6:20-65
66            android:value="@integer/google_play_services_version" />
66-->[com.google.android.gms:play-services-basement:18.4.0] AndroidManifest.xml:6:66-119
67    </application>
68
69</manifest>